<?xml version="1.0" encoding="UTF-8"?>
<!-- Generated by org.testng.reporters.JUnitXMLReporter -->
<testsuite ignored="0" hostname="LAPTOP-I3QLJ7HU" failures="0" tests="2" name="Automation test" time="26.99" errors="0" timestamp="2026-04-03T11:33:46 IST">
  <testcase classname="com.testautomation.test.LoginPageTest" name="invalidLoginFunctionality" time="2.503"/>
  <testcase classname="com.testautomation.test.LoginPageTest" name="loginFunctionality" time="7.133"/>
</testsuite> <!-- Automation test -->
