<?xml version="1.0" encoding="UTF-8"?>
<testng-results ignored="0" total="1" passed="1" failed="0" skipped="0">
  <reporter-output>
  </reporter-output>
  <suite started-at="2026-04-03T13:45:34 IST" name="Default suite" finished-at="2026-04-03T13:45:48 IST" duration-ms="13133">
    <groups>
    </groups>
    <test started-at="2026-04-03T13:45:34 IST" name="Default test" finished-at="2026-04-03T13:45:48 IST" duration-ms="13133">
      <class name="com.testautomation.test.Window_Handles_In_OrangeHRM_Test">
        <test-method is-config="true" signature="loadConfig()[pri:0, instance:com.testautomation.test.Window_Handles_In_OrangeHRM_Test@19e4fcac]" started-at="2026-04-03T13:45:34 IST" name="loadConfig" finished-at="2026-04-03T13:45:34 IST" duration-ms="12" status="PASS">
          <reporter-output>
          </reporter-output>
        </test-method> <!-- loadConfig -->
        <test-method is-config="true" signature="setup()[pri:0, instance:com.testautomation.test.Window_Handles_In_OrangeHRM_Test@19e4fcac]" started-at="2026-04-03T13:45:35 IST" name="setup" finished-at="2026-04-03T13:45:42 IST" duration-ms="7241" status="PASS">
          <reporter-output>
          </reporter-output>
        </test-method> <!-- setup -->
        <test-method is-config="true" signature="setPages()[pri:0, instance:com.testautomation.test.Window_Handles_In_OrangeHRM_Test@19e4fcac]" started-at="2026-04-03T13:45:42 IST" name="setPages" finished-at="2026-04-03T13:45:42 IST" duration-ms="2" status="PASS">
          <reporter-output>
          </reporter-output>
        </test-method> <!-- setPages -->
        <test-method signature="windowsTest(java.lang.String,java.lang.String)[pri:0, instance:com.testautomation.test.Window_Handles_In_OrangeHRM_Test@19e4fcac]" started-at="2026-04-03T13:45:42 IST" name="windowsTest" data-provider="validLoginData" finished-at="2026-04-03T13:45:47 IST" duration-ms="4917" status="PASS">
          <params>
            <param index="0">
              <value>
                <![CDATA[Admin]]>
              </value>
            </param>
            <param index="1">
              <value>
                <![CDATA[admin123]]>
              </value>
            </param>
          </params>
          <reporter-output>
          </reporter-output>
        </test-method> <!-- windowsTest -->
        <test-method is-config="true" signature="tearDown()[pri:0, instance:com.testautomation.test.Window_Handles_In_OrangeHRM_Test@19e4fcac]" started-at="2026-04-03T13:45:47 IST" name="tearDown" finished-at="2026-04-03T13:45:48 IST" duration-ms="291" status="PASS">
          <reporter-output>
          </reporter-output>
        </test-method> <!-- tearDown -->
      </class> <!-- com.testautomation.test.Window_Handles_In_OrangeHRM_Test -->
    </test> <!-- Default test -->
  </suite> <!-- Default suite -->
</testng-results>
