<?xml version="1.0" encoding="UTF-8"?>
<testng-results ignored="0" total="1" passed="1" failed="0" skipped="0">
  <reporter-output>
  </reporter-output>
  <suite started-at="2026-04-02T16:18:46 IST" name="Automation Suite" finished-at="2026-04-02T16:19:04 IST" duration-ms="18209">
    <groups>
    </groups>
    <test started-at="2026-04-02T16:18:46 IST" name="Automation test" finished-at="2026-04-02T16:19:04 IST" duration-ms="18209">
      <class name="com.testautomation.test.LoginPageTest">
        <test-method is-config="true" signature="loadConfig()[pri:0, instance:com.testautomation.test.LoginPageTest@24ba9639]" started-at="2026-04-02T16:18:46 IST" name="loadConfig" finished-at="2026-04-02T16:18:46 IST" duration-ms="16" status="PASS">
          <reporter-output>
          </reporter-output>
        </test-method> <!-- loadConfig -->
        <test-method is-config="true" signature="setup()[pri:0, instance:com.testautomation.test.LoginPageTest@24ba9639]" started-at="2026-04-02T16:18:47 IST" name="setup" finished-at="2026-04-02T16:18:55 IST" duration-ms="7841" status="PASS">
          <reporter-output>
          </reporter-output>
        </test-method> <!-- setup -->
        <test-method is-config="true" signature="setPages()[pri:0, instance:com.testautomation.test.LoginPageTest@24ba9639]" started-at="2026-04-02T16:18:55 IST" name="setPages" finished-at="2026-04-02T16:18:55 IST" duration-ms="1" status="PASS">
          <reporter-output>
          </reporter-output>
        </test-method> <!-- setPages -->
        <test-method signature="loginFunctionality(java.lang.String,java.lang.String)[pri:0, instance:com.testautomation.test.LoginPageTest@24ba9639]" started-at="2026-04-02T16:18:55 IST" name="loginFunctionality" data-provider="validLoginData" finished-at="2026-04-02T16:19:04 IST" duration-ms="8788" status="PASS">
          <params>
            <param index="0">
              <value>
                <![CDATA[Admin]]>
              </value>
            </param>
            <param index="1">
              <value>
                <![CDATA[admin123]]>
              </value>
            </param>
          </params>
          <reporter-output>
          </reporter-output>
        </test-method> <!-- loginFunctionality -->
        <test-method is-config="true" signature="tearDown()[pri:0, instance:com.testautomation.test.LoginPageTest@24ba9639]" started-at="2026-04-02T16:19:04 IST" name="tearDown" finished-at="2026-04-02T16:19:04 IST" duration-ms="312" status="PASS">
          <reporter-output>
          </reporter-output>
        </test-method> <!-- tearDown -->
      </class> <!-- com.testautomation.test.LoginPageTest -->
    </test> <!-- Automation test -->
  </suite> <!-- Automation Suite -->
</testng-results>
