<?xml version="1.0" encoding="UTF-8"?>
<!-- Generated by org.testng.reporters.JUnitReportReporter -->
<testsuite hostname="LAPTOP-I3QLJ7HU" failures="0" tests="2" name="com.testautomation.test.LoginPageTest" time="25.588" errors="0" timestamp="2026-04-03T11:33:46 IST" skipped="0">
  <testcase classname="com.testautomation.test.LoginPageTest" name="invalidLoginFunctionality" time="10.103"/>
  <testcase classname="com.testautomation.test.LoginPageTest" name="loginFunctionality" time="15.485"/>
</testsuite> <!-- com.testautomation.test.LoginPageTest -->
