<?xml version="1.0" encoding="UTF-8"?>
<!-- Generated by org.testng.reporters.JUnitReportReporter -->
<testsuite hostname="LAPTOP-I3QLJ7HU" failures="0" tests="2" name="com.testautomation.test.LoginPageTest" time="60.971" errors="0" timestamp="2026-04-03T12:49:55 IST" skipped="0">
  <testcase classname="com.testautomation.test.LoginPageTest" name="invalidLoginFunctionality" time="28.542"/>
  <testcase classname="com.testautomation.test.LoginPageTest" name="loginFunctionality" time="32.429"/>
</testsuite> <!-- com.testautomation.test.LoginPageTest -->
